<?xml version="1.0" encoding="UTF-8"?>
<testng-results ignored="0" total="1" passed="1" failed="0" skipped="0">
  <reporter-output>
  </reporter-output>
  <suite started-at="2023-10-15T20:48:11 EET" name="Default suite" finished-at="2023-10-15T20:48:25 EET" duration-ms="13557">
    <groups>
    </groups>
    <test started-at="2023-10-15T20:48:11 EET" name="Default test" finished-at="2023-10-15T20:48:25 EET" duration-ms="13557">
      <class name="MyClass">
        <test-method is-config="true" signature="mySetup()[pri:0, instance:MyClass@3c19aaa5]" started-at="2023-10-15T20:48:11 EET" name="mySetup" finished-at="2023-10-15T20:48:11 EET" duration-ms="9" status="PASS">
          <reporter-output>
          </reporter-output>
        </test-method> <!-- mySetup -->
        <test-method signature="TestTheCalculatorApp()[pri:0, instance:MyClass@3c19aaa5]" started-at="2023-10-15T20:48:11 EET" name="TestTheCalculatorApp" finished-at="2023-10-15T20:48:25 EET" duration-ms="13530" status="PASS">
          <reporter-output>
          </reporter-output>
        </test-method> <!-- TestTheCalculatorApp -->
        <test-method is-config="true" signature="postTesting()[pri:0, instance:MyClass@3c19aaa5]" started-at="2023-10-15T20:48:25 EET" name="postTesting" finished-at="2023-10-15T20:48:25 EET" duration-ms="1" status="PASS">
          <reporter-output>
          </reporter-output>
        </test-method> <!-- postTesting -->
      </class> <!-- MyClass -->
    </test> <!-- Default test -->
  </suite> <!-- Default suite -->
</testng-results>
